Info: Starting: Create block symbol file (.bsf)
Info: qsys-generate C:\Users\nvade\OneDrive\Dokumenty\Workspace\usb3_fpga_card\fpga\nios.qsys --block-symbol-file --output-directory=C:\Users\nvade\OneDrive\Dokumenty\Workspace\usb3_fpga_card\fpga\ip\nios --family="Cyclone 10 LP" --part=10CL025YU256I7G
Progress: Loading fpga/nios.qsys
Progress: Reading input file
Progress: Adding clk_0 [clock_source 21.1]
Progress: Parameterizing module clk_0
Progress: Adding data_pio [altera_avalon_pio 21.1]
Progress: Parameterizing module data_pio
Progress: Adding jtag_uart [altera_avalon_jtag_uart 21.1]
Progress: Parameterizing module jtag_uart
Progress: Adding nios2e [altera_nios2_gen2 21.1]
Progress: Parameterizing module nios2e
Progress: Adding onchip_memory [altera_avalon_onchip_memory2 21.1]
Progress: Parameterizing module onchip_memory
Progress: Building connections
Progress: Parameterizing connections
Progress: Validating
Progress: Done reading input file
Info: nios.data_pio: PIO inputs are not hardwired in test bench. Undefined values will be read from PIO inputs during simulation.
Info: nios.jtag_uart: JTAG UART IP input clock need to be at least double (2x) the operating frequency of JTAG TCK on board
Info: qsys-generate succeeded.
Info: Finished: Create block symbol file (.bsf)
Info: 
Info: Starting: Create HDL design files for synthesis
Info: qsys-generate C:\Users\nvade\OneDrive\Dokumenty\Workspace\usb3_fpga_card\fpga\nios.qsys --synthesis=VERILOG --output-directory=C:\Users\nvade\OneDrive\Dokumenty\Workspace\usb3_fpga_card\fpga\ip\nios\synthesis --family="Cyclone 10 LP" --part=10CL025YU256I7G
Progress: Loading fpga/nios.qsys
Progress: Reading input file
Progress: Adding clk_0 [clock_source 21.1]
Progress: Parameterizing module clk_0
Progress: Adding data_pio [altera_avalon_pio 21.1]
Progress: Parameterizing module data_pio
Progress: Adding jtag_uart [altera_avalon_jtag_uart 21.1]
Progress: Parameterizing module jtag_uart
Progress: Adding nios2e [altera_nios2_gen2 21.1]
Progress: Parameterizing module nios2e
Progress: Adding onchip_memory [altera_avalon_onchip_memory2 21.1]
Progress: Parameterizing module onchip_memory
Progress: Building connections
Progress: Parameterizing connections
Progress: Validating
Progress: Done reading input file
Info: nios.data_pio: PIO inputs are not hardwired in test bench. Undefined values will be read from PIO inputs during simulation.
Info: nios.jtag_uart: JTAG UART IP input clock need to be at least double (2x) the operating frequency of JTAG TCK on board
Info: nios: Generating nios "nios" for QUARTUS_SYNTH
Info: data_pio: Starting RTL generation for module 'nios_data_pio'
Info: data_pio:   Generation command is [exec D:/programs/quartus_21/quartus/bin64/perl/bin/perl.exe -I D:/programs/quartus_21/quartus/bin64/perl/lib -I D:/programs/quartus_21/quartus/sopc_builder/bin/europa -I D:/programs/quartus_21/quartus/sopc_builder/bin -I D:/programs/quartus_21/quartus/../ip/altera/sopc_builder_ip/common -I D:/programs/quartus_21/quartus/../ip/altera/sopc_builder_ip/altera_avalon_pio -- D:/programs/quartus_21/quartus/../ip/altera/sopc_builder_ip/altera_avalon_pio/generate_rtl.pl --name=nios_data_pio --dir=C:/Users/nvade/AppData/Local/Temp/alt9172_3321183559833287352.dir/0002_data_pio_gen/ --quartus_dir=D:/programs/quartus_21/quartus --verilog --config=C:/Users/nvade/AppData/Local/Temp/alt9172_3321183559833287352.dir/0002_data_pio_gen//nios_data_pio_component_configuration.pl  --do_build_sim=0  ]
Info: data_pio: Done RTL generation for module 'nios_data_pio'
Info: data_pio: "nios" instantiated altera_avalon_pio "data_pio"
Info: jtag_uart: Starting RTL generation for module 'nios_jtag_uart'
Info: jtag_uart:   Generation command is [exec D:/programs/quartus_21/quartus/bin64/perl/bin/perl.exe -I D:/programs/quartus_21/quartus/bin64/perl/lib -I D:/programs/quartus_21/quartus/sopc_builder/bin/europa -I D:/programs/quartus_21/quartus/sopc_builder/bin -I D:/programs/quartus_21/quartus/../ip/altera/sopc_builder_ip/common -I D:/programs/quartus_21/quartus/../ip/altera/sopc_builder_ip/altera_avalon_jtag_uart -- D:/programs/quartus_21/quartus/../ip/altera/sopc_builder_ip/altera_avalon_jtag_uart/generate_rtl.pl --name=nios_jtag_uart --dir=C:/Users/nvade/AppData/Local/Temp/alt9172_3321183559833287352.dir/0003_jtag_uart_gen/ --quartus_dir=D:/programs/quartus_21/quartus --verilog --config=C:/Users/nvade/AppData/Local/Temp/alt9172_3321183559833287352.dir/0003_jtag_uart_gen//nios_jtag_uart_component_configuration.pl  --do_build_sim=0  ]
Info: jtag_uart: Done RTL generation for module 'nios_jtag_uart'
Info: jtag_uart: "nios" instantiated altera_avalon_jtag_uart "jtag_uart"
Info: nios2e: "nios" instantiated altera_nios2_gen2 "nios2e"
Info: onchip_memory: Starting RTL generation for module 'nios_onchip_memory'
Info: onchip_memory:   Generation command is [exec D:/programs/quartus_21/quartus/bin64/perl/bin/perl.exe -I D:/programs/quartus_21/quartus/bin64/perl/lib -I D:/programs/quartus_21/quartus/sopc_builder/bin/europa -I D:/programs/quartus_21/quartus/sopc_builder/bin -I D:/programs/quartus_21/quartus/../ip/altera/sopc_builder_ip/common -I D:/programs/quartus_21/quartus/../ip/altera/sopc_builder_ip/altera_avalon_onchip_memory2 -- D:/programs/quartus_21/quartus/../ip/altera/sopc_builder_ip/altera_avalon_onchip_memory2/generate_rtl.pl --name=nios_onchip_memory --dir=C:/Users/nvade/AppData/Local/Temp/alt9172_3321183559833287352.dir/0004_onchip_memory_gen/ --quartus_dir=D:/programs/quartus_21/quartus --verilog --config=C:/Users/nvade/AppData/Local/Temp/alt9172_3321183559833287352.dir/0004_onchip_memory_gen//nios_onchip_memory_component_configuration.pl  --do_build_sim=0  ]
Info: onchip_memory: Done RTL generation for module 'nios_onchip_memory'
Info: onchip_memory: "nios" instantiated altera_avalon_onchip_memory2 "onchip_memory"
Info: avalon_st_adapter: Inserting error_adapter: error_adapter_0
Info: avalon_st_adapter_001: Inserting error_adapter: error_adapter_0
Info: avalon_st_adapter_002: Inserting error_adapter: error_adapter_0
Info: avalon_st_adapter_003: Inserting error_adapter: error_adapter_0
Info: mm_interconnect_0: "nios" instantiated altera_mm_interconnect "mm_interconnect_0"
Info: irq_mapper: "nios" instantiated altera_irq_mapper "irq_mapper"
Info: rst_controller: "nios" instantiated altera_reset_controller "rst_controller"
Info: cpu: Starting RTL generation for module 'nios_nios2e_cpu'
Info: cpu:   Generation command is [exec D:/Programs/Quartus_21/quartus/bin64//perl/bin/perl.exe -I D:/Programs/Quartus_21/quartus/bin64//perl/lib -I D:/programs/quartus_21/quartus/sopc_builder/bin/europa -I D:/programs/quartus_21/quartus/sopc_builder/bin -I D:/programs/quartus_21/quartus/../ip/altera/nios2_ip/altera_nios2_gen2/cpu_lib -I D:/programs/quartus_21/quartus/../ip/altera/nios2_ip/altera_nios2_gen2/nios_lib -I D:/programs/quartus_21/quartus/../ip/altera/nios2_ip/altera_nios2_gen2 -I D:/programs/quartus_21/quartus/../ip/altera/nios2_ip/altera_nios2_gen2 -- D:/programs/quartus_21/quartus/../ip/altera/nios2_ip/altera_nios2_gen2/generate_rtl.pl --name=nios_nios2e_cpu --dir=C:/Users/nvade/AppData/Local/Temp/alt9172_3321183559833287352.dir/0007_cpu_gen/ --quartus_bindir=D:/Programs/Quartus_21/quartus/bin64/ --verilog --config=C:/Users/nvade/AppData/Local/Temp/alt9172_3321183559833287352.dir/0007_cpu_gen//nios_nios2e_cpu_processor_configuration.pl  --do_build_sim=0  ]
Info: cpu: # 2022.06.29 02:02:09 (*) Starting Nios II generation
Info: cpu: # 2022.06.29 02:02:09 (*)   Elaborating CPU configuration settings
Info: cpu: # 2022.06.29 02:02:09 (*)   Creating all objects for CPU
Info: cpu: # 2022.06.29 02:02:10 (*)   Generating RTL from CPU objects
Info: cpu: # 2022.06.29 02:02:10 (*)   Creating plain-text RTL
Info: cpu: # 2022.06.29 02:02:11 (*) Done Nios II generation
Info: cpu: Done RTL generation for module 'nios_nios2e_cpu'
Info: cpu: "nios2e" instantiated altera_nios2_gen2_unit "cpu"
Info: nios2e_data_master_translator: "mm_interconnect_0" instantiated altera_merlin_master_translator "nios2e_data_master_translator"
Info: jtag_uart_avalon_jtag_slave_translator: "mm_interconnect_0" instantiated altera_merlin_slave_translator "jtag_uart_avalon_jtag_slave_translator"
Info: nios2e_data_master_agent: "mm_interconnect_0" instantiated altera_merlin_master_agent "nios2e_data_master_agent"
Info: jtag_uart_avalon_jtag_slave_agent: "mm_interconnect_0" instantiated altera_merlin_slave_agent "jtag_uart_avalon_jtag_slave_agent"
Info: jtag_uart_avalon_jtag_slave_agent_rsp_fifo: "mm_interconnect_0" instantiated altera_avalon_sc_fifo "jtag_uart_avalon_jtag_slave_agent_rsp_fifo"
Info: router: "mm_interconnect_0" instantiated altera_merlin_router "router"
Info: router_001: "mm_interconnect_0" instantiated altera_merlin_router "router_001"
Info: router_002: "mm_interconnect_0" instantiated altera_merlin_router "router_002"
Info: router_003: "mm_interconnect_0" instantiated altera_merlin_router "router_003"
Info: cmd_demux: "mm_interconnect_0" instantiated altera_merlin_demultiplexer "cmd_demux"
Info: cmd_demux_001: "mm_interconnect_0" instantiated altera_merlin_demultiplexer "cmd_demux_001"
Info: cmd_mux: "mm_interconnect_0" instantiated altera_merlin_multiplexer "cmd_mux"
Info: cmd_mux_001: "mm_interconnect_0" instantiated altera_merlin_multiplexer "cmd_mux_001"
Info: Reusing file C:/Users/nvade/OneDrive/Dokumenty/Workspace/usb3_fpga_card/fpga/ip/nios/synthesis/submodules/altera_merlin_arbitrator.sv
Info: rsp_demux: "mm_interconnect_0" instantiated altera_merlin_demultiplexer "rsp_demux"
Info: rsp_mux: "mm_interconnect_0" instantiated altera_merlin_multiplexer "rsp_mux"
Info: Reusing file C:/Users/nvade/OneDrive/Dokumenty/Workspace/usb3_fpga_card/fpga/ip/nios/synthesis/submodules/altera_merlin_arbitrator.sv
Info: rsp_mux_001: "mm_interconnect_0" instantiated altera_merlin_multiplexer "rsp_mux_001"
Info: Reusing file C:/Users/nvade/OneDrive/Dokumenty/Workspace/usb3_fpga_card/fpga/ip/nios/synthesis/submodules/altera_merlin_arbitrator.sv
Info: avalon_st_adapter: "mm_interconnect_0" instantiated altera_avalon_st_adapter "avalon_st_adapter"
Info: error_adapter_0: "avalon_st_adapter" instantiated error_adapter "error_adapter_0"
Info: nios: Done "nios" with 27 modules, 40 files
Info: qsys-generate succeeded.
Info: Finished: Create HDL design files for synthesis
